# JRE version: OpenJDK Runtime Environment GraalVM CE 22.3.0 (17.0.5+8) (build 17.0.5+8-jvmci-22.3-b08)
# Java VM: OpenJDK 64-Bit Server VM GraalVM CE 22.3.0 (17.0.5+8-jvmci-22.3-b08, mixed mode, sharing, tiered, jvmci, jvmci compiler, compressed oops, compressed class ptrs, parallel gc, linux-amd64)
GC Precious Log:
 CPUs: 8 total, 1 available
 Memory: 1024M
 Large Page Support: Disabled
 NUMA Support: Disabled
 Compressed Oops: Enabled (32-bit)
 Alignments: Space 512K, Generation 512K, Heap 2M
 Heap Min Capacity: 100M
 Heap Initial Capacity: 100M
 Heap Max Capacity: 512M
 Pre-touch: Disabled
 Parallel Workers: 1
Heap:
 PSYoungGen      total 53248K, used 39424K [0x00000000f5580000, 0x00000000f9a00000, 0x0000000100000000)
  eden space 39424K, 100% used [0x00000000f5580000,0x00000000f7c00000,0x00000000f7c00000)
  from space 13824K, 0% used [0x00000000f8b80000,0x00000000f8b80000,0x00000000f9900000)
  to   space 14336K, 0% used [0x00000000f7d00000,0x00000000f7d00000,0x00000000f8b00000)
 ParOldGen       total 349696K, used 349695K [0x00000000e0000000, 0x00000000f5580000, 0x00000000f5580000)
  object space 349696K, 99% used [0x00000000e0000000,0x00000000f557fff0,0x00000000f5580000)
 Metaspace       used 62876K, committed 63872K, reserved 1114112K
  class space    used 6034K, committed 6464K, reserved 1048576K
GC Heap History (20 events):
Event: 1930.077 GC heap before
{Heap before GC invocations=1504 (full 1389):
 PSYoungGen      total 53248K, used 39424K [0x00000000f5580000, 0x00000000f9a00000, 0x0000000100000000)
  eden space 39424K, 100% used [0x00000000f5580000,0x00000000f7c00000,0x00000000f7c00000)
  from space 13824K, 0% used [0x00000000f8b80000,0x00000000f8b80000,0x00000000f9900000)
  to   space 14336K, 0% used [0x00000000f7d00000,0x00000000f7d00000,0x00000000f8b00000)
 ParOldGen       total 349696K, used 349695K [0x00000000e0000000, 0x00000000f5580000, 0x00000000f5580000)
  object space 349696K, 99% used [0x00000000e0000000,0x00000000f557ff08,0x00000000f5580000)
 Metaspace       used 62876K, committed 63872K, reserved 1114112K
  class space    used 6034K, committed 6464K, reserved 1048576K
}
Event: 1932.803 GC heap after
{Heap after GC invocations=1504 (full 1389):
 PSYoungGen      total 53760K, used 39424K [0x00000000f5580000, 0x00000000f9a00000, 0x0000000100000000)
  eden space 39424K, 100% used [0x00000000f5580000,0x00000000f7c00000,0x00000000f7c00000)
  from space 14336K, 0% used [0x00000000f7d00000,0x00000000f7d00000,0x00000000f8b00000)
  to   space 13824K, 0% used [0x00000000f8b80000,0x00000000f8b80000,0x00000000f9900000)
 ParOldGen       total 349696K, used 349695K [0x00000000e0000000, 0x00000000f5580000, 0x00000000f5580000)
  object space 349696K, 99% used [0x00000000e0000000,0x00000000f557ff08,0x00000000f5580000)
 Metaspace       used 62876K, committed 63872K, reserved 1114112K
  class space    used 6034K, committed 6464K, reserved 1048576K
}
Event: 1932.803 GC heap before
{Heap before GC invocations=1505 (full 1390):
 PSYoungGen      total 53760K, used 39424K [0x00000000f5580000, 0x00000000f9a00000, 0x0000000100000000)
  eden space 39424K, 100% used [0x00000000f5580000,0x00000000f7c00000,0x00000000f7c00000)
  from space 14336K, 0% used [0x00000000f7d00000,0x00000000f7d00000,0x00000000f8b00000)
  to   space 13824K, 0% used [0x00000000f8b80000,0x00000000f8b80000,0x00000000f9900000)
 ParOldGen       total 349696K, used 349695K [0x00000000e0000000, 0x00000000f5580000, 0x00000000f5580000)
  object space 349696K, 99% used [0x00000000e0000000,0x00000000f557ffe0,0x00000000f5580000)
 Metaspace       used 62876K, committed 63872K, reserved 1114112K
  class space    used 6034K, committed 6464K, reserved 1048576K
}
Event: 1933.910 GC heap after
{Heap after GC invocations=1505 (full 1390):
 PSYoungGen      total 53248K, used 39424K [0x00000000f5580000, 0x00000000f9a00000, 0x0000000100000000)
  eden space 39424K, 100% used [0x00000000f5580000,0x00000000f7c00000,0x00000000f7c00000)
  from space 13824K, 0% used [0x00000000f8b80000,0x00000000f8b80000,0x00000000f9900000)
  to   space 14336K, 0% used [0x00000000f7d00000,0x00000000f7d00000,0x00000000f8b00000)
 ParOldGen       total 349696K, used 349695K [0x00000000e0000000, 0x00000000f5580000, 0x00000000f5580000)
  object space 349696K, 99% used [0x00000000e0000000,0x00000000f557ffc0,0x00000000f5580000)
 Metaspace       used 62876K, committed 63872K, reserved 1114112K
  class space    used 6034K, committed 6464K, reserved 1048576K
}
Event: 1933.910 GC heap before
{Heap before GC invocations=1506 (full 1391):
 PSYoungGen      total 53248K, used 39424K [0x00000000f5580000, 0x00000000f9a00000, 0x0000000100000000)
  eden space 39424K, 100% used [0x00000000f5580000,0x00000000f7c00000,0x00000000f7c00000)
  from space 13824K, 0% used [0x00000000f8b80000,0x00000000f8b80000,0x00000000f9900000)
  to   space 14336K, 0% used [0x00000000f7d00000,0x00000000f7d00000,0x00000000f8b00000)
 ParOldGen       total 349696K, used 349695K [0x00000000e0000000, 0x00000000f5580000, 0x00000000f5580000)
  object space 349696K, 99% used [0x00000000e0000000,0x00000000f557ffe8,0x00000000f5580000)
 Metaspace       used 62876K, committed 63872K, reserved 1114112K
  class space    used 6034K, committed 6464K, reserved 1048576K
}
Event: 1934.909 GC heap after
{Heap after GC invocations=1506 (full 1391):
 PSYoungGen      total 53760K, used 39424K [0x00000000f5580000, 0x00000000f9a00000, 0x0000000100000000)
  eden space 39424K, 100% used [0x00000000f5580000,0x00000000f7c00000,0x00000000f7c00000)
  from space 14336K, 0% used [0x00000000f7d00000,0x00000000f7d00000,0x00000000f8b00000)
  to   space 13824K, 0% used [0x00000000f8b80000,0x00000000f8b80000,0x00000000f9900000)
 ParOldGen       total 349696K, used 349695K [0x00000000e0000000, 0x00000000f5580000, 0x00000000f5580000)
  object space 349696K, 99% used [0x00000000e0000000,0x00000000f557ffc0,0x00000000f5580000)
 Metaspace       used 62876K, committed 63872K, reserved 1114112K
  class space    used 6034K, committed 6464K, reserved 1048576K
}
Event: 1934.909 GC heap before
{Heap before GC invocations=1507 (full 1392):
 PSYoungGen      total 53760K, used 39424K [0x00000000f5580000, 0x00000000f9a00000, 0x0000000100000000)
  eden space 39424K, 100% used [0x00000000f5580000,0x00000000f7c00000,0x00000000f7c00000)
  from space 14336K, 0% used [0x00000000f7d00000,0x00000000f7d00000,0x00000000f8b00000)
  to   space 13824K, 0% used [0x00000000f8b80000,0x00000000f8b80000,0x00000000f9900000)
 ParOldGen       total 349696K, used 349695K [0x00000000e0000000, 0x00000000f5580000, 0x00000000f5580000)
  object space 349696K, 99% used [0x00000000e0000000,0x00000000f557ffe0,0x00000000f5580000)
 Metaspace       used 62876K, committed 63872K, reserved 1114112K
  class space    used 6034K, committed 6464K, reserved 1048576K
}
Event: 1936.212 GC heap after
{Heap after GC invocations=1507 (full 1392):
 PSYoungGen      total 53248K, used 39424K [0x00000000f5580000, 0x00000000f9a00000, 0x0000000100000000)
  eden space 39424K, 100% used [0x00000000f5580000,0x00000000f7c00000,0x00000000f7c00000)
  from space 13824K, 0% used [0x00000000f8b80000,0x00000000f8b80000,0x00000000f9900000)
  to   space 14336K, 0% used [0x00000000f7d00000,0x00000000f7d00000,0x00000000f8b00000)
 ParOldGen       total 349696K, used 349695K [0x00000000e0000000, 0x00000000f5580000, 0x00000000f5580000)
  object space 349696K, 99% used [0x00000000e0000000,0x00000000f557ffc0,0x00000000f5580000)
 Metaspace       used 62876K, committed 63872K, reserved 1114112K
  class space    used 6034K, committed 6464K, reserved 1048576K
}
Event: 1936.212 GC heap before
{Heap before GC invocations=1508 (full 1393):
 PSYoungGen      total 53248K, used 39424K [0x00000000f5580000, 0x00000000f9a00000, 0x0000000100000000)
  eden space 39424K, 100% used [0x00000000f5580000,0x00000000f7c00000,0x00000000f7c00000)
  from space 13824K, 0% used [0x00000000f8b80000,0x00000000f8b80000,0x00000000f9900000)
  to   space 14336K, 0% used [0x00000000f7d00000,0x00000000f7d00000,0x00000000f8b00000)
 ParOldGen       total 349696K, used 349695K [0x00000000e0000000, 0x00000000f5580000, 0x00000000f5580000)
  object space 349696K, 99% used [0x00000000e0000000,0x00000000f557fff0,0x00000000f5580000)
 Metaspace       used 62876K, committed 63872K, reserved 1114112K
  class space    used 6034K, committed 6464K, reserved 1048576K
}
Event: 1937.313 GC heap after
{Heap after GC invocations=1508 (full 1393):
 PSYoungGen      total 53760K, used 39424K [0x00000000f5580000, 0x00000000f9a00000, 0x0000000100000000)
  eden space 39424K, 100% used [0x00000000f5580000,0x00000000f7c00000,0x00000000f7c00000)
  from space 14336K, 0% used [0x00000000f7d00000,0x00000000f7d00000,0x00000000f8b00000)
  to   space 13824K, 0% used [0x00000000f8b80000,0x00000000f8b80000,0x00000000f9900000)
 ParOldGen       total 349696K, used 349695K [0x00000000e0000000, 0x00000000f5580000, 0x00000000f5580000)
  object space 349696K, 99% used [0x00000000e0000000,0x00000000f557fff0,0x00000000f5580000)
 Metaspace       used 62876K, committed 63872K, reserved 1114112K
  class space    used 6034K, committed 6464K, reserved 1048576K
}
Event: 1937.313 GC heap before
{Heap before GC invocations=1509 (full 1394):
 PSYoungGen      total 53760K, used 39424K [0x00000000f5580000, 0x00000000f9a00000, 0x0000000100000000)
  eden space 39424K, 100% used [0x00000000f5580000,0x00000000f7c00000,0x00000000f7c00000)
  from space 14336K, 0% used [0x00000000f7d00000,0x00000000f7d00000,0x00000000f8b00000)
  to   space 13824K, 0% used [0x00000000f8b80000,0x00000000f8b80000,0x00000000f9900000)
 ParOldGen       total 349696K, used 349695K [0x00000000e0000000, 0x00000000f5580000, 0x00000000f5580000)
  object space 349696K, 99% used [0x00000000e0000000,0x00000000f557fff0,0x00000000f5580000)
 Metaspace       used 62876K, committed 63872K, reserved 1114112K
  class space    used 6034K, committed 6464K, reserved 1048576K
}
Event: 1938.485 GC heap after
{Heap after GC invocations=1509 (full 1394):
 PSYoungGen      total 53248K, used 39424K [0x00000000f5580000, 0x00000000f9a00000, 0x0000000100000000)
  eden space 39424K, 100% used [0x00000000f5580000,0x00000000f7c00000,0x00000000f7c00000)
  from space 13824K, 0% used [0x00000000f8b80000,0x00000000f8b80000,0x00000000f9900000)
  to   space 14336K, 0% used [0x00000000f7d00000,0x00000000f7d00000,0x00000000f8b00000)
 ParOldGen       total 349696K, used 349695K [0x00000000e0000000, 0x00000000f5580000, 0x00000000f5580000)
  object space 349696K, 99% used [0x00000000e0000000,0x00000000f557fff0,0x00000000f5580000)
 Metaspace       used 62876K, committed 63872K, reserved 1114112K
  class space    used 6034K, committed 6464K, reserved 1048576K
}
Event: 1938.486 GC heap before
{Heap before GC invocations=1510 (full 1395):
 PSYoungGen      total 53248K, used 39424K [0x00000000f5580000, 0x00000000f9a00000, 0x0000000100000000)
  eden space 39424K, 100% used [0x00000000f5580000,0x00000000f7c00000,0x00000000f7c00000)
  from space 13824K, 0% used [0x00000000f8b80000,0x00000000f8b80000,0x00000000f9900000)
  to   space 14336K, 0% used [0x00000000f7d00000,0x00000000f7d00000,0x00000000f8b00000)
 ParOldGen       total 349696K, used 349695K [0x00000000e0000000, 0x00000000f5580000, 0x00000000f5580000)
  object space 349696K, 99% used [0x00000000e0000000,0x00000000f557fff0,0x00000000f5580000)
 Metaspace       used 62876K, committed 63872K, reserved 1114112K
  class space    used 6034K, committed 6464K, reserved 1048576K
}
Event: 1939.693 GC heap after
{Heap after GC invocations=1510 (full 1395):
 PSYoungGen      total 53760K, used 39424K [0x00000000f5580000, 0x00000000f9a00000, 0x0000000100000000)
  eden space 39424K, 100% used [0x00000000f5580000,0x00000000f7c00000,0x00000000f7c00000)
  from space 14336K, 0% used [0x00000000f7d00000,0x00000000f7d00000,0x00000000f8b00000)
  to   space 13824K, 0% used [0x00000000f8b80000,0x00000000f8b80000,0x00000000f9900000)
 ParOldGen       total 349696K, used 349695K [0x00000000e0000000, 0x00000000f5580000, 0x00000000f5580000)
  object space 349696K, 99% used [0x00000000e0000000,0x00000000f557fff0,0x00000000f5580000)
 Metaspace       used 62876K, committed 63872K, reserved 1114112K
  class space    used 6034K, committed 6464K, reserved 1048576K
}
Event: 1939.693 GC heap before
{Heap before GC invocations=1511 (full 1396):
 PSYoungGen      total 53760K, used 39424K [0x00000000f5580000, 0x00000000f9a00000, 0x0000000100000000)
  eden space 39424K, 100% used [0x00000000f5580000,0x00000000f7c00000,0x00000000f7c00000)
  from space 14336K, 0% used [0x00000000f7d00000,0x00000000f7d00000,0x00000000f8b00000)
  to   space 13824K, 0% used [0x00000000f8b80000,0x00000000f8b80000,0x00000000f9900000)
 ParOldGen       total 349696K, used 349695K [0x00000000e0000000, 0x00000000f5580000, 0x00000000f5580000)
  object space 349696K, 99% used [0x00000000e0000000,0x00000000f557fff0,0x00000000f5580000)
 Metaspace       used 62876K, committed 63872K, reserved 1114112K
  class space    used 6034K, committed 6464K, reserved 1048576K
}
Event: 1940.820 GC heap after
{Heap after GC invocations=1511 (full 1396):
 PSYoungGen      total 53248K, used 39424K [0x00000000f5580000, 0x00000000f9a00000, 0x0000000100000000)
  eden space 39424K, 100% used [0x00000000f5580000,0x00000000f7c00000,0x00000000f7c00000)
  from space 13824K, 0% used [0x00000000f8b80000,0x00000000f8b80000,0x00000000f9900000)
  to   space 14336K, 0% used [0x00000000f7d00000,0x00000000f7d00000,0x00000000f8b00000)
 ParOldGen       total 349696K, used 349695K [0x00000000e0000000, 0x00000000f5580000, 0x00000000f5580000)
  object space 349696K, 99% used [0x00000000e0000000,0x00000000f557fff0,0x00000000f5580000)
 Metaspace       used 62876K, committed 63872K, reserved 1114112K
  class space    used 6034K, committed 6464K, reserved 1048576K
}
Event: 1940.877 GC heap before
{Heap before GC invocations=1512 (full 1397):
 PSYoungGen      total 53248K, used 39424K [0x00000000f5580000, 0x00000000f9a00000, 0x0000000100000000)
  eden space 39424K, 100% used [0x00000000f5580000,0x00000000f7c00000,0x00000000f7c00000)
  from space 13824K, 0% used [0x00000000f8b80000,0x00000000f8b80000,0x00000000f9900000)
  to   space 14336K, 0% used [0x00000000f7d00000,0x00000000f7d00000,0x00000000f8b00000)
 ParOldGen       total 349696K, used 349695K [0x00000000e0000000, 0x00000000f5580000, 0x00000000f5580000)
  object space 349696K, 99% used [0x00000000e0000000,0x00000000f557fff0,0x00000000f5580000)
 Metaspace       used 62876K, committed 63872K, reserved 1114112K
  class space    used 6034K, committed 6464K, reserved 1048576K
}
Event: 1942.008 GC heap after
{Heap after GC invocations=1512 (full 1397):
 PSYoungGen      total 53760K, used 39424K [0x00000000f5580000, 0x00000000f9a00000, 0x0000000100000000)
  eden space 39424K, 100% used [0x00000000f5580000,0x00000000f7c00000,0x00000000f7c00000)
  from space 14336K, 0% used [0x00000000f7d00000,0x00000000f7d00000,0x00000000f8b00000)
  to   space 13824K, 0% used [0x00000000f8b80000,0x00000000f8b80000,0x00000000f9900000)
 ParOldGen       total 349696K, used 349695K [0x00000000e0000000, 0x00000000f5580000, 0x00000000f5580000)
  object space 349696K, 99% used [0x00000000e0000000,0x00000000f557fff0,0x00000000f5580000)
 Metaspace       used 62876K, committed 63872K, reserved 1114112K
  class space    used 6034K, committed 6464K, reserved 1048576K
}
Event: 1942.008 GC heap before
{Heap before GC invocations=1513 (full 1398):
 PSYoungGen      total 53760K, used 39424K [0x00000000f5580000, 0x00000000f9a00000, 0x0000000100000000)
  eden space 39424K, 100% used [0x00000000f5580000,0x00000000f7c00000,0x00000000f7c00000)
  from space 14336K, 0% used [0x00000000f7d00000,0x00000000f7d00000,0x00000000f8b00000)
  to   space 13824K, 0% used [0x00000000f8b80000,0x00000000f8b80000,0x00000000f9900000)
 ParOldGen       total 349696K, used 349695K [0x00000000e0000000, 0x00000000f5580000, 0x00000000f5580000)
  object space 349696K, 99% used [0x00000000e0000000,0x00000000f557fff0,0x00000000f5580000)
 Metaspace       used 62876K, committed 63872K, reserved 1114112K
  class space    used 6034K, committed 6464K, reserved 1048576K
}
Event: 1942.995 GC heap after
{Heap after GC invocations=1513 (full 1398):
 PSYoungGen      total 53248K, used 39424K [0x00000000f5580000, 0x00000000f9a00000, 0x0000000100000000)
  eden space 39424K, 100% used [0x00000000f5580000,0x00000000f7c00000,0x00000000f7c00000)
  from space 13824K, 0% used [0x00000000f8b80000,0x00000000f8b80000,0x00000000f9900000)
  to   space 14336K, 0% used [0x00000000f7d00000,0x00000000f7d00000,0x00000000f8b00000)
 ParOldGen       total 349696K, used 349695K [0x00000000e0000000, 0x00000000f5580000, 0x00000000f5580000)
  object space 349696K, 99% used [0x00000000e0000000,0x00000000f557fff0,0x00000000f5580000)
 Metaspace       used 62876K, committed 63872K, reserved 1114112K
  class space    used 6034K, committed 6464K, reserved 1048576K
}

