# JRE version: OpenJDK Runtime Environment GraalVM CE 22.3.0 (17.0.5+8) (build 17.0.5+8-jvmci-22.3-b08)
# Java VM: OpenJDK 64-Bit Server VM GraalVM CE 22.3.0 (17.0.5+8-jvmci-22.3-b08, mixed mode, sharing, tiered, jvmci, jvmci compiler, compressed oops, compressed class ptrs, parallel gc, linux-amd64)
GC Precious Log:
 CPUs: 8 total, 1 available
 Memory: 1024M
 Large Page Support: Disabled
 NUMA Support: Disabled
 Compressed Oops: Enabled (32-bit)
 Alignments: Space 512K, Generation 512K, Heap 2M
 Heap Min Capacity: 100M
 Heap Initial Capacity: 100M
 Heap Max Capacity: 512M
 Pre-touch: Disabled
 Parallel Workers: 1
Heap:
 PSYoungGen      total 18944K, used 12287K [0x00000000f5580000, 0x00000000f7100000, 0x0000000100000000)
  eden space 12288K, 99% used [0x00000000f5580000,0x00000000f617fff8,0x00000000f6180000)
  from space 6656K, 0% used [0x00000000f6900000,0x00000000f6900000,0x00000000f6f80000)
  to   space 7168K, 0% used [0x00000000f6180000,0x00000000f6180000,0x00000000f6880000)
 ParOldGen       total 349696K, used 349695K [0x00000000e0000000, 0x00000000f5580000, 0x00000000f5580000)
  object space 349696K, 99% used [0x00000000e0000000,0x00000000f557ffe0,0x00000000f5580000)
 Metaspace       used 60460K, committed 61504K, reserved 1105920K
  class space    used 6007K, committed 6400K, reserved 1048576K
GC Heap History (20 events):
Event: 1041.907 GC heap before
{Heap before GC invocations=946 (full 820):
 PSYoungGen      total 18944K, used 12287K [0x00000000f5580000, 0x00000000f7100000, 0x0000000100000000)
  eden space 12288K, 99% used [0x00000000f5580000,0x00000000f617fff8,0x00000000f6180000)
  from space 6656K, 0% used [0x00000000f6900000,0x00000000f6900000,0x00000000f6f80000)
  to   space 7168K, 0% used [0x00000000f6180000,0x00000000f6180000,0x00000000f6880000)
 ParOldGen       total 349696K, used 349695K [0x00000000e0000000, 0x00000000f5580000, 0x00000000f5580000)
  object space 349696K, 99% used [0x00000000e0000000,0x00000000f557ffd8,0x00000000f5580000)
 Metaspace       used 60460K, committed 61504K, reserved 1105920K
  class space    used 6007K, committed 6400K, reserved 1048576K
}
Event: 1043.328 GC heap after
{Heap after GC invocations=946 (full 820):
 PSYoungGen      total 19456K, used 12287K [0x00000000f5580000, 0x00000000f7100000, 0x0000000100000000)
  eden space 12288K, 99% used [0x00000000f5580000,0x00000000f617fff8,0x00000000f6180000)
  from space 7168K, 0% used [0x00000000f6180000,0x00000000f6180000,0x00000000f6880000)
  to   space 6656K, 0% used [0x00000000f6900000,0x00000000f6900000,0x00000000f6f80000)
 ParOldGen       total 349696K, used 349695K [0x00000000e0000000, 0x00000000f5580000, 0x00000000f5580000)
  object space 349696K, 99% used [0x00000000e0000000,0x00000000f557ffd8,0x00000000f5580000)
 Metaspace       used 60460K, committed 61504K, reserved 1105920K
  class space    used 6007K, committed 6400K, reserved 1048576K
}
Event: 1043.328 GC heap before
{Heap before GC invocations=947 (full 821):
 PSYoungGen      total 19456K, used 12287K [0x00000000f5580000, 0x00000000f7100000, 0x0000000100000000)
  eden space 12288K, 99% used [0x00000000f5580000,0x00000000f617fff8,0x00000000f6180000)
  from space 7168K, 0% used [0x00000000f6180000,0x00000000f6180000,0x00000000f6880000)
  to   space 6656K, 0% used [0x00000000f6900000,0x00000000f6900000,0x00000000f6f80000)
 ParOldGen       total 349696K, used 349695K [0x00000000e0000000, 0x00000000f5580000, 0x00000000f5580000)
  object space 349696K, 99% used [0x00000000e0000000,0x00000000f557ffd8,0x00000000f5580000)
 Metaspace       used 60460K, committed 61504K, reserved 1105920K
  class space    used 6007K, committed 6400K, reserved 1048576K
}
Event: 1044.507 GC heap after
{Heap after GC invocations=947 (full 821):
 PSYoungGen      total 18944K, used 12287K [0x00000000f5580000, 0x00000000f7100000, 0x0000000100000000)
  eden space 12288K, 99% used [0x00000000f5580000,0x00000000f617fff8,0x00000000f6180000)
  from space 6656K, 0% used [0x00000000f6900000,0x00000000f6900000,0x00000000f6f80000)
  to   space 7168K, 0% used [0x00000000f6180000,0x00000000f6180000,0x00000000f6880000)
 ParOldGen       total 349696K, used 349695K [0x00000000e0000000, 0x00000000f5580000, 0x00000000f5580000)
  object space 349696K, 99% used [0x00000000e0000000,0x00000000f557ffd8,0x00000000f5580000)
 Metaspace       used 60460K, committed 61504K, reserved 1105920K
  class space    used 6007K, committed 6400K, reserved 1048576K
}
Event: 1044.507 GC heap before
{Heap before GC invocations=948 (full 822):
 PSYoungGen      total 18944K, used 12287K [0x00000000f5580000, 0x00000000f7100000, 0x0000000100000000)
  eden space 12288K, 99% used [0x00000000f5580000,0x00000000f617fff8,0x00000000f6180000)
  from space 6656K, 0% used [0x00000000f6900000,0x00000000f6900000,0x00000000f6f80000)
  to   space 7168K, 0% used [0x00000000f6180000,0x00000000f6180000,0x00000000f6880000)
 ParOldGen       total 349696K, used 349695K [0x00000000e0000000, 0x00000000f5580000, 0x00000000f5580000)
  object space 349696K, 99% used [0x00000000e0000000,0x00000000f557ffd8,0x00000000f5580000)
 Metaspace       used 60460K, committed 61504K, reserved 1105920K
  class space    used 6007K, committed 6400K, reserved 1048576K
}
Event: 1045.601 GC heap after
{Heap after GC invocations=948 (full 822):
 PSYoungGen      total 19456K, used 12287K [0x00000000f5580000, 0x00000000f7100000, 0x0000000100000000)
  eden space 12288K, 99% used [0x00000000f5580000,0x00000000f617fff8,0x00000000f6180000)
  from space 7168K, 0% used [0x00000000f6180000,0x00000000f6180000,0x00000000f6880000)
  to   space 6656K, 0% used [0x00000000f6900000,0x00000000f6900000,0x00000000f6f80000)
 ParOldGen       total 349696K, used 349695K [0x00000000e0000000, 0x00000000f5580000, 0x00000000f5580000)
  object space 349696K, 99% used [0x00000000e0000000,0x00000000f557ffd8,0x00000000f5580000)
 Metaspace       used 60460K, committed 61504K, reserved 1105920K
  class space    used 6007K, committed 6400K, reserved 1048576K
}
Event: 1045.601 GC heap before
{Heap before GC invocations=949 (full 823):
 PSYoungGen      total 19456K, used 12287K [0x00000000f5580000, 0x00000000f7100000, 0x0000000100000000)
  eden space 12288K, 99% used [0x00000000f5580000,0x00000000f617fff8,0x00000000f6180000)
  from space 7168K, 0% used [0x00000000f6180000,0x00000000f6180000,0x00000000f6880000)
  to   space 6656K, 0% used [0x00000000f6900000,0x00000000f6900000,0x00000000f6f80000)
 ParOldGen       total 349696K, used 349695K [0x00000000e0000000, 0x00000000f5580000, 0x00000000f5580000)
  object space 349696K, 99% used [0x00000000e0000000,0x00000000f557ffd8,0x00000000f5580000)
 Metaspace       used 60460K, committed 61504K, reserved 1105920K
  class space    used 6007K, committed 6400K, reserved 1048576K
}
Event: 1046.952 GC heap after
{Heap after GC invocations=949 (full 823):
 PSYoungGen      total 18944K, used 12287K [0x00000000f5580000, 0x00000000f7100000, 0x0000000100000000)
  eden space 12288K, 99% used [0x00000000f5580000,0x00000000f617fff8,0x00000000f6180000)
  from space 6656K, 0% used [0x00000000f6900000,0x00000000f6900000,0x00000000f6f80000)
  to   space 7168K, 0% used [0x00000000f6180000,0x00000000f6180000,0x00000000f6880000)
 ParOldGen       total 349696K, used 349695K [0x00000000e0000000, 0x00000000f5580000, 0x00000000f5580000)
  object space 349696K, 99% used [0x00000000e0000000,0x00000000f557ffd8,0x00000000f5580000)
 Metaspace       used 60460K, committed 61504K, reserved 1105920K
  class space    used 6007K, committed 6400K, reserved 1048576K
}
Event: 1046.958 GC heap before
{Heap before GC invocations=950 (full 824):
 PSYoungGen      total 18944K, used 12287K [0x00000000f5580000, 0x00000000f7100000, 0x0000000100000000)
  eden space 12288K, 99% used [0x00000000f5580000,0x00000000f617fff8,0x00000000f6180000)
  from space 6656K, 0% used [0x00000000f6900000,0x00000000f6900000,0x00000000f6f80000)
  to   space 7168K, 0% used [0x00000000f6180000,0x00000000f6180000,0x00000000f6880000)
 ParOldGen       total 349696K, used 349695K [0x00000000e0000000, 0x00000000f5580000, 0x00000000f5580000)
  object space 349696K, 99% used [0x00000000e0000000,0x00000000f557ffd8,0x00000000f5580000)
 Metaspace       used 60460K, committed 61504K, reserved 1105920K
  class space    used 6007K, committed 6400K, reserved 1048576K
}
Event: 1048.171 GC heap after
{Heap after GC invocations=950 (full 824):
 PSYoungGen      total 19456K, used 12287K [0x00000000f5580000, 0x00000000f7100000, 0x0000000100000000)
  eden space 12288K, 99% used [0x00000000f5580000,0x00000000f617fff8,0x00000000f6180000)
  from space 7168K, 0% used [0x00000000f6180000,0x00000000f6180000,0x00000000f6880000)
  to   space 6656K, 0% used [0x00000000f6900000,0x00000000f6900000,0x00000000f6f80000)
 ParOldGen       total 349696K, used 349695K [0x00000000e0000000, 0x00000000f5580000, 0x00000000f5580000)
  object space 349696K, 99% used [0x00000000e0000000,0x00000000f557fc08,0x00000000f5580000)
 Metaspace       used 60460K, committed 61504K, reserved 1105920K
  class space    used 6007K, committed 6400K, reserved 1048576K
}
Event: 1048.172 GC heap before
{Heap before GC invocations=951 (full 825):
 PSYoungGen      total 19456K, used 12287K [0x00000000f5580000, 0x00000000f7100000, 0x0000000100000000)
  eden space 12288K, 99% used [0x00000000f5580000,0x00000000f617fff8,0x00000000f6180000)
  from space 7168K, 0% used [0x00000000f6180000,0x00000000f6180000,0x00000000f6880000)
  to   space 6656K, 0% used [0x00000000f6900000,0x00000000f6900000,0x00000000f6f80000)
 ParOldGen       total 349696K, used 349695K [0x00000000e0000000, 0x00000000f5580000, 0x00000000f5580000)
  object space 349696K, 99% used [0x00000000e0000000,0x00000000f557fff8,0x00000000f5580000)
 Metaspace       used 60460K, committed 61504K, reserved 1105920K
  class space    used 6007K, committed 6400K, reserved 1048576K
}
Event: 1049.288 GC heap after
{Heap after GC invocations=951 (full 825):
 PSYoungGen      total 18944K, used 12287K [0x00000000f5580000, 0x00000000f7100000, 0x0000000100000000)
  eden space 12288K, 99% used [0x00000000f5580000,0x00000000f617fff8,0x00000000f6180000)
  from space 6656K, 0% used [0x00000000f6900000,0x00000000f6900000,0x00000000f6f80000)
  to   space 7168K, 0% used [0x00000000f6180000,0x00000000f6180000,0x00000000f6880000)
 ParOldGen       total 349696K, used 349695K [0x00000000e0000000, 0x00000000f5580000, 0x00000000f5580000)
  object space 349696K, 99% used [0x00000000e0000000,0x00000000f557fe48,0x00000000f5580000)
 Metaspace       used 60460K, committed 61504K, reserved 1105920K
  class space    used 6007K, committed 6400K, reserved 1048576K
}
Event: 1049.289 GC heap before
{Heap before GC invocations=952 (full 826):
 PSYoungGen      total 18944K, used 12287K [0x00000000f5580000, 0x00000000f7100000, 0x0000000100000000)
  eden space 12288K, 99% used [0x00000000f5580000,0x00000000f617fff8,0x00000000f6180000)
  from space 6656K, 0% used [0x00000000f6900000,0x00000000f6900000,0x00000000f6f80000)
  to   space 7168K, 0% used [0x00000000f6180000,0x00000000f6180000,0x00000000f6880000)
 ParOldGen       total 349696K, used 349695K [0x00000000e0000000, 0x00000000f5580000, 0x00000000f5580000)
  object space 349696K, 99% used [0x00000000e0000000,0x00000000f557fff8,0x00000000f5580000)
 Metaspace       used 60460K, committed 61504K, reserved 1105920K
  class space    used 6007K, committed 6400K, reserved 1048576K
}
Event: 1050.556 GC heap after
{Heap after GC invocations=952 (full 826):
 PSYoungGen      total 19456K, used 12287K [0x00000000f5580000, 0x00000000f7100000, 0x0000000100000000)
  eden space 12288K, 99% used [0x00000000f5580000,0x00000000f617fff8,0x00000000f6180000)
  from space 7168K, 0% used [0x00000000f6180000,0x00000000f6180000,0x00000000f6880000)
  to   space 6656K, 0% used [0x00000000f6900000,0x00000000f6900000,0x00000000f6f80000)
 ParOldGen       total 349696K, used 349695K [0x00000000e0000000, 0x00000000f5580000, 0x00000000f5580000)
  object space 349696K, 99% used [0x00000000e0000000,0x00000000f557fe48,0x00000000f5580000)
 Metaspace       used 60460K, committed 61504K, reserved 1105920K
  class space    used 6007K, committed 6400K, reserved 1048576K
}
Event: 1050.556 GC heap before
{Heap before GC invocations=953 (full 827):
 PSYoungGen      total 19456K, used 12287K [0x00000000f5580000, 0x00000000f7100000, 0x0000000100000000)
  eden space 12288K, 99% used [0x00000000f5580000,0x00000000f617fff8,0x00000000f6180000)
  from space 7168K, 0% used [0x00000000f6180000,0x00000000f6180000,0x00000000f6880000)
  to   space 6656K, 0% used [0x00000000f6900000,0x00000000f6900000,0x00000000f6f80000)
 ParOldGen       total 349696K, used 349695K [0x00000000e0000000, 0x00000000f5580000, 0x00000000f5580000)
  object space 349696K, 99% used [0x00000000e0000000,0x00000000f557fe78,0x00000000f5580000)
 Metaspace       used 60460K, committed 61504K, reserved 1105920K
  class space    used 6007K, committed 6400K, reserved 1048576K
}
Event: 1051.673 GC heap after
{Heap after GC invocations=953 (full 827):
 PSYoungGen      total 18944K, used 12287K [0x00000000f5580000, 0x00000000f7100000, 0x0000000100000000)
  eden space 12288K, 99% used [0x00000000f5580000,0x00000000f617fff8,0x00000000f6180000)
  from space 6656K, 0% used [0x00000000f6900000,0x00000000f6900000,0x00000000f6f80000)
  to   space 7168K, 0% used [0x00000000f6180000,0x00000000f6180000,0x00000000f6880000)
 ParOldGen       total 349696K, used 349695K [0x00000000e0000000, 0x00000000f5580000, 0x00000000f5580000)
  object space 349696K, 99% used [0x00000000e0000000,0x00000000f557fe48,0x00000000f5580000)
 Metaspace       used 60460K, committed 61504K, reserved 1105920K
  class space    used 6007K, committed 6400K, reserved 1048576K
}
Event: 1051.673 GC heap before
{Heap before GC invocations=954 (full 828):
 PSYoungGen      total 18944K, used 12287K [0x00000000f5580000, 0x00000000f7100000, 0x0000000100000000)
  eden space 12288K, 99% used [0x00000000f5580000,0x00000000f617fff8,0x00000000f6180000)
  from space 6656K, 0% used [0x00000000f6900000,0x00000000f6900000,0x00000000f6f80000)
  to   space 7168K, 0% used [0x00000000f6180000,0x00000000f6180000,0x00000000f6880000)
 ParOldGen       total 349696K, used 349695K [0x00000000e0000000, 0x00000000f5580000, 0x00000000f5580000)
  object space 349696K, 99% used [0x00000000e0000000,0x00000000f557ff30,0x00000000f5580000)
 Metaspace       used 60460K, committed 61504K, reserved 1105920K
  class space    used 6007K, committed 6400K, reserved 1048576K
}
Event: 1052.904 GC heap after
{Heap after GC invocations=954 (full 828):
 PSYoungGen      total 19456K, used 12287K [0x00000000f5580000, 0x00000000f7100000, 0x0000000100000000)
  eden space 12288K, 99% used [0x00000000f5580000,0x00000000f617fff8,0x00000000f6180000)
  from space 7168K, 0% used [0x00000000f6180000,0x00000000f6180000,0x00000000f6880000)
  to   space 6656K, 0% used [0x00000000f6900000,0x00000000f6900000,0x00000000f6f80000)
 ParOldGen       total 349696K, used 349695K [0x00000000e0000000, 0x00000000f5580000, 0x00000000f5580000)
  object space 349696K, 99% used [0x00000000e0000000,0x00000000f557fe60,0x00000000f5580000)
 Metaspace       used 60460K, committed 61504K, reserved 1105920K
  class space    used 6007K, committed 6400K, reserved 1048576K
}
Event: 1052.904 GC heap before
{Heap before GC invocations=955 (full 829):
 PSYoungGen      total 19456K, used 12287K [0x00000000f5580000, 0x00000000f7100000, 0x0000000100000000)
  eden space 12288K, 99% used [0x00000000f5580000,0x00000000f617fff8,0x00000000f6180000)
  from space 7168K, 0% used [0x00000000f6180000,0x00000000f6180000,0x00000000f6880000)
  to   space 6656K, 0% used [0x00000000f6900000,0x00000000f6900000,0x00000000f6f80000)
 ParOldGen       total 349696K, used 349695K [0x00000000e0000000, 0x00000000f5580000, 0x00000000f5580000)
  object space 349696K, 99% used [0x00000000e0000000,0x00000000f557fe60,0x00000000f5580000)
 Metaspace       used 60460K, committed 61504K, reserved 1105920K
  class space    used 6007K, committed 6400K, reserved 1048576K
}
Event: 1054.098 GC heap after
{Heap after GC invocations=955 (full 829):
 PSYoungGen      total 18944K, used 12287K [0x00000000f5580000, 0x00000000f7100000, 0x0000000100000000)
  eden space 12288K, 99% used [0x00000000f5580000,0x00000000f617fff8,0x00000000f6180000)
  from space 6656K, 0% used [0x00000000f6900000,0x00000000f6900000,0x00000000f6f80000)
  to   space 7168K, 0% used [0x00000000f6180000,0x00000000f6180000,0x00000000f6880000)
 ParOldGen       total 349696K, used 349695K [0x00000000e0000000, 0x00000000f5580000, 0x00000000f5580000)
  object space 349696K, 99% used [0x00000000e0000000,0x00000000f557fe60,0x00000000f5580000)
 Metaspace       used 60460K, committed 61504K, reserved 1105920K
  class space    used 6007K, committed 6400K, reserved 1048576K
}

