# JRE version: OpenJDK Runtime Environment GraalVM CE 22.3.0 (17.0.5+8) (build 17.0.5+8-jvmci-22.3-b08)
# Java VM: OpenJDK 64-Bit Server VM GraalVM CE 22.3.0 (17.0.5+8-jvmci-22.3-b08, mixed mode, sharing, tiered, jvmci, jvmci compiler, compressed oops, compressed class ptrs, parallel gc, linux-amd64)
GC Precious Log:
 CPUs: 8 total, 1 available
 Memory: 1024M
 Large Page Support: Disabled
 NUMA Support: Disabled
 Compressed Oops: Enabled (32-bit)
 Alignments: Space 512K, Generation 512K, Heap 2M
 Heap Min Capacity: 100M
 Heap Initial Capacity: 100M
 Heap Max Capacity: 512M
 Pre-touch: Disabled
 Parallel Workers: 1
Heap:
 PSYoungGen      total 67584K, used 49152K [0x00000000f5580000, 0x00000000fab80000, 0x0000000100000000)
  eden space 49152K, 100% used [0x00000000f5580000,0x00000000f8580000,0x00000000f8580000)
  from space 18432K, 0% used [0x00000000f9700000,0x00000000f9700000,0x00000000fa900000)
  to   space 17920K, 0% used [0x00000000f8580000,0x00000000f8580000,0x00000000f9700000)
 ParOldGen       total 349696K, used 349695K [0x00000000e0000000, 0x00000000f5580000, 0x00000000f5580000)
  object space 349696K, 99% used [0x00000000e0000000,0x00000000f557fd60,0x00000000f5580000)
 Metaspace       used 59324K, committed 60224K, reserved 1105920K
  class space    used 5643K, committed 6080K, reserved 1048576K
GC Heap History (20 events):
Event: 661.265 GC heap before
{Heap before GC invocations=421 (full 292):
 PSYoungGen      total 67584K, used 49152K [0x00000000f5580000, 0x00000000fab80000, 0x0000000100000000)
  eden space 49152K, 100% used [0x00000000f5580000,0x00000000f8580000,0x00000000f8580000)
  from space 18432K, 0% used [0x00000000f9700000,0x00000000f9700000,0x00000000fa900000)
  to   space 17920K, 0% used [0x00000000f8580000,0x00000000f8580000,0x00000000f9700000)
 ParOldGen       total 349696K, used 349689K [0x00000000e0000000, 0x00000000f5580000, 0x00000000f5580000)
  object space 349696K, 99% used [0x00000000e0000000,0x00000000f557e498,0x00000000f5580000)
 Metaspace       used 59324K, committed 60224K, reserved 1105920K
  class space    used 5643K, committed 6080K, reserved 1048576K
}
Event: 662.685 GC heap after
{Heap after GC invocations=421 (full 292):
 PSYoungGen      total 67072K, used 49151K [0x00000000f5580000, 0x00000000fab80000, 0x0000000100000000)
  eden space 49152K, 99% used [0x00000000f5580000,0x00000000f857ff50,0x00000000f8580000)
  from space 17920K, 0% used [0x00000000f8580000,0x00000000f8580000,0x00000000f9700000)
  to   space 18432K, 0% used [0x00000000f9700000,0x00000000f9700000,0x00000000fa900000)
 ParOldGen       total 349696K, used 349689K [0x00000000e0000000, 0x00000000f5580000, 0x00000000f5580000)
  object space 349696K, 99% used [0x00000000e0000000,0x00000000f557e478,0x00000000f5580000)
 Metaspace       used 59324K, committed 60224K, reserved 1105920K
  class space    used 5643K, committed 6080K, reserved 1048576K
}
Event: 662.686 GC heap before
{Heap before GC invocations=422 (full 293):
 PSYoungGen      total 67072K, used 49152K [0x00000000f5580000, 0x00000000fab80000, 0x0000000100000000)
  eden space 49152K, 100% used [0x00000000f5580000,0x00000000f8580000,0x00000000f8580000)
  from space 17920K, 0% used [0x00000000f8580000,0x00000000f8580000,0x00000000f9700000)
  to   space 18432K, 0% used [0x00000000f9700000,0x00000000f9700000,0x00000000fa900000)
 ParOldGen       total 349696K, used 349689K [0x00000000e0000000, 0x00000000f5580000, 0x00000000f5580000)
  object space 349696K, 99% used [0x00000000e0000000,0x00000000f557e478,0x00000000f5580000)
 Metaspace       used 59324K, committed 60224K, reserved 1105920K
  class space    used 5643K, committed 6080K, reserved 1048576K
}
Event: 664.190 GC heap after
{Heap after GC invocations=422 (full 293):
 PSYoungGen      total 67584K, used 49151K [0x00000000f5580000, 0x00000000fab80000, 0x0000000100000000)
  eden space 49152K, 99% used [0x00000000f5580000,0x00000000f857ff50,0x00000000f8580000)
  from space 18432K, 0% used [0x00000000f9700000,0x00000000f9700000,0x00000000fa900000)
  to   space 17920K, 0% used [0x00000000f8580000,0x00000000f8580000,0x00000000f9700000)
 ParOldGen       total 349696K, used 349689K [0x00000000e0000000, 0x00000000f5580000, 0x00000000f5580000)
  object space 349696K, 99% used [0x00000000e0000000,0x00000000f557e478,0x00000000f5580000)
 Metaspace       used 59324K, committed 60224K, reserved 1105920K
  class space    used 5643K, committed 6080K, reserved 1048576K
}
Event: 664.192 GC heap before
{Heap before GC invocations=423 (full 294):
 PSYoungGen      total 67584K, used 49152K [0x00000000f5580000, 0x00000000fab80000, 0x0000000100000000)
  eden space 49152K, 100% used [0x00000000f5580000,0x00000000f8580000,0x00000000f8580000)
  from space 18432K, 0% used [0x00000000f9700000,0x00000000f9700000,0x00000000fa900000)
  to   space 17920K, 0% used [0x00000000f8580000,0x00000000f8580000,0x00000000f9700000)
 ParOldGen       total 349696K, used 349689K [0x00000000e0000000, 0x00000000f5580000, 0x00000000f5580000)
  object space 349696K, 99% used [0x00000000e0000000,0x00000000f557e478,0x00000000f5580000)
 Metaspace       used 59324K, committed 60224K, reserved 1105920K
  class space    used 5643K, committed 6080K, reserved 1048576K
}
Event: 665.806 GC heap after
{Heap after GC invocations=423 (full 294):
 PSYoungGen      total 67072K, used 49151K [0x00000000f5580000, 0x00000000fab80000, 0x0000000100000000)
  eden space 49152K, 99% used [0x00000000f5580000,0x00000000f857ff50,0x00000000f8580000)
  from space 17920K, 0% used [0x00000000f8580000,0x00000000f8580000,0x00000000f9700000)
  to   space 18432K, 0% used [0x00000000f9700000,0x00000000f9700000,0x00000000fa900000)
 ParOldGen       total 349696K, used 349689K [0x00000000e0000000, 0x00000000f5580000, 0x00000000f5580000)
  object space 349696K, 99% used [0x00000000e0000000,0x00000000f557e478,0x00000000f5580000)
 Metaspace       used 59324K, committed 60224K, reserved 1105920K
  class space    used 5643K, committed 6080K, reserved 1048576K
}
Event: 665.807 GC heap before
{Heap before GC invocations=424 (full 295):
 PSYoungGen      total 67072K, used 49151K [0x00000000f5580000, 0x00000000fab80000, 0x0000000100000000)
  eden space 49152K, 99% used [0x00000000f5580000,0x00000000f857fff0,0x00000000f8580000)
  from space 17920K, 0% used [0x00000000f8580000,0x00000000f8580000,0x00000000f9700000)
  to   space 18432K, 0% used [0x00000000f9700000,0x00000000f9700000,0x00000000fa900000)
 ParOldGen       total 349696K, used 349689K [0x00000000e0000000, 0x00000000f5580000, 0x00000000f5580000)
  object space 349696K, 99% used [0x00000000e0000000,0x00000000f557e478,0x00000000f5580000)
 Metaspace       used 59324K, committed 60224K, reserved 1105920K
  class space    used 5643K, committed 6080K, reserved 1048576K
}
Event: 667.270 GC heap after
{Heap after GC invocations=424 (full 295):
 PSYoungGen      total 67584K, used 49151K [0x00000000f5580000, 0x00000000fab80000, 0x0000000100000000)
  eden space 49152K, 99% used [0x00000000f5580000,0x00000000f857ff50,0x00000000f8580000)
  from space 18432K, 0% used [0x00000000f9700000,0x00000000f9700000,0x00000000fa900000)
  to   space 17920K, 0% used [0x00000000f8580000,0x00000000f8580000,0x00000000f9700000)
 ParOldGen       total 349696K, used 349689K [0x00000000e0000000, 0x00000000f5580000, 0x00000000f5580000)
  object space 349696K, 99% used [0x00000000e0000000,0x00000000f557e478,0x00000000f5580000)
 Metaspace       used 59324K, committed 60224K, reserved 1105920K
  class space    used 5643K, committed 6080K, reserved 1048576K
}
Event: 667.270 GC heap before
{Heap before GC invocations=425 (full 296):
 PSYoungGen      total 67584K, used 49151K [0x00000000f5580000, 0x00000000fab80000, 0x0000000100000000)
  eden space 49152K, 99% used [0x00000000f5580000,0x00000000f857ff88,0x00000000f8580000)
  from space 18432K, 0% used [0x00000000f9700000,0x00000000f9700000,0x00000000fa900000)
  to   space 17920K, 0% used [0x00000000f8580000,0x00000000f8580000,0x00000000f9700000)
 ParOldGen       total 349696K, used 349689K [0x00000000e0000000, 0x00000000f5580000, 0x00000000f5580000)
  object space 349696K, 99% used [0x00000000e0000000,0x00000000f557e478,0x00000000f5580000)
 Metaspace       used 59324K, committed 60224K, reserved 1105920K
  class space    used 5643K, committed 6080K, reserved 1048576K
}
Event: 668.766 GC heap after
{Heap after GC invocations=425 (full 296):
 PSYoungGen      total 67072K, used 49151K [0x00000000f5580000, 0x00000000fab80000, 0x0000000100000000)
  eden space 49152K, 99% used [0x00000000f5580000,0x00000000f857ff68,0x00000000f8580000)
  from space 17920K, 0% used [0x00000000f8580000,0x00000000f8580000,0x00000000f9700000)
  to   space 18432K, 0% used [0x00000000f9700000,0x00000000f9700000,0x00000000fa900000)
 ParOldGen       total 349696K, used 349689K [0x00000000e0000000, 0x00000000f5580000, 0x00000000f5580000)
  object space 349696K, 99% used [0x00000000e0000000,0x00000000f557e478,0x00000000f5580000)
 Metaspace       used 59324K, committed 60224K, reserved 1105920K
  class space    used 5643K, committed 6080K, reserved 1048576K
}
Event: 668.767 GC heap before
{Heap before GC invocations=426 (full 297):
 PSYoungGen      total 67072K, used 49151K [0x00000000f5580000, 0x00000000fab80000, 0x0000000100000000)
  eden space 49152K, 99% used [0x00000000f5580000,0x00000000f857fff8,0x00000000f8580000)
  from space 17920K, 0% used [0x00000000f8580000,0x00000000f8580000,0x00000000f9700000)
  to   space 18432K, 0% used [0x00000000f9700000,0x00000000f9700000,0x00000000fa900000)
 ParOldGen       total 349696K, used 349694K [0x00000000e0000000, 0x00000000f5580000, 0x00000000f5580000)
  object space 349696K, 99% used [0x00000000e0000000,0x00000000f557fa30,0x00000000f5580000)
 Metaspace       used 59324K, committed 60224K, reserved 1105920K
  class space    used 5643K, committed 6080K, reserved 1048576K
}
Event: 670.269 GC heap after
{Heap after GC invocations=426 (full 297):
 PSYoungGen      total 67584K, used 49151K [0x00000000f5580000, 0x00000000fab80000, 0x0000000100000000)
  eden space 49152K, 99% used [0x00000000f5580000,0x00000000f857ff58,0x00000000f8580000)
  from space 18432K, 0% used [0x00000000f9700000,0x00000000f9700000,0x00000000fa900000)
  to   space 17920K, 0% used [0x00000000f8580000,0x00000000f8580000,0x00000000f9700000)
 ParOldGen       total 349696K, used 349693K [0x00000000e0000000, 0x00000000f5580000, 0x00000000f5580000)
  object space 349696K, 99% used [0x00000000e0000000,0x00000000f557f650,0x00000000f5580000)
 Metaspace       used 59324K, committed 60224K, reserved 1105920K
  class space    used 5643K, committed 6080K, reserved 1048576K
}
Event: 670.270 GC heap before
{Heap before GC invocations=427 (full 298):
 PSYoungGen      total 67584K, used 49151K [0x00000000f5580000, 0x00000000fab80000, 0x0000000100000000)
  eden space 49152K, 99% used [0x00000000f5580000,0x00000000f857fff8,0x00000000f8580000)
  from space 18432K, 0% used [0x00000000f9700000,0x00000000f9700000,0x00000000fa900000)
  to   space 17920K, 0% used [0x00000000f8580000,0x00000000f8580000,0x00000000f9700000)
 ParOldGen       total 349696K, used 349693K [0x00000000e0000000, 0x00000000f5580000, 0x00000000f5580000)
  object space 349696K, 99% used [0x00000000e0000000,0x00000000f557f650,0x00000000f5580000)
 Metaspace       used 59324K, committed 60224K, reserved 1105920K
  class space    used 5643K, committed 6080K, reserved 1048576K
}
Event: 674.055 GC heap after
{Heap after GC invocations=427 (full 298):
 PSYoungGen      total 67072K, used 49151K [0x00000000f5580000, 0x00000000fab80000, 0x0000000100000000)
  eden space 49152K, 99% used [0x00000000f5580000,0x00000000f857ff58,0x00000000f8580000)
  from space 17920K, 0% used [0x00000000f8580000,0x00000000f8580000,0x00000000f9700000)
  to   space 18432K, 0% used [0x00000000f9700000,0x00000000f9700000,0x00000000fa900000)
 ParOldGen       total 349696K, used 349693K [0x00000000e0000000, 0x00000000f5580000, 0x00000000f5580000)
  object space 349696K, 99% used [0x00000000e0000000,0x00000000f557f650,0x00000000f5580000)
 Metaspace       used 59324K, committed 60224K, reserved 1105920K
  class space    used 5643K, committed 6080K, reserved 1048576K
}
Event: 674.055 GC heap before
{Heap before GC invocations=428 (full 299):
 PSYoungGen      total 67072K, used 49152K [0x00000000f5580000, 0x00000000fab80000, 0x0000000100000000)
  eden space 49152K, 100% used [0x00000000f5580000,0x00000000f8580000,0x00000000f8580000)
  from space 17920K, 0% used [0x00000000f8580000,0x00000000f8580000,0x00000000f9700000)
  to   space 18432K, 0% used [0x00000000f9700000,0x00000000f9700000,0x00000000fa900000)
 ParOldGen       total 349696K, used 349693K [0x00000000e0000000, 0x00000000f5580000, 0x00000000f5580000)
  object space 349696K, 99% used [0x00000000e0000000,0x00000000f557f650,0x00000000f5580000)
 Metaspace       used 59324K, committed 60224K, reserved 1105920K
  class space    used 5643K, committed 6080K, reserved 1048576K
}
Event: 676.458 GC heap after
{Heap after GC invocations=428 (full 299):
 PSYoungGen      total 67584K, used 49151K [0x00000000f5580000, 0x00000000fab80000, 0x0000000100000000)
  eden space 49152K, 99% used [0x00000000f5580000,0x00000000f857ff70,0x00000000f8580000)
  from space 18432K, 0% used [0x00000000f9700000,0x00000000f9700000,0x00000000fa900000)
  to   space 17920K, 0% used [0x00000000f8580000,0x00000000f8580000,0x00000000f9700000)
 ParOldGen       total 349696K, used 349693K [0x00000000e0000000, 0x00000000f5580000, 0x00000000f5580000)
  object space 349696K, 99% used [0x00000000e0000000,0x00000000f557f650,0x00000000f5580000)
 Metaspace       used 59324K, committed 60224K, reserved 1105920K
  class space    used 5643K, committed 6080K, reserved 1048576K
}
Event: 676.459 GC heap before
{Heap before GC invocations=429 (full 300):
 PSYoungGen      total 67584K, used 49151K [0x00000000f5580000, 0x00000000fab80000, 0x0000000100000000)
  eden space 49152K, 99% used [0x00000000f5580000,0x00000000f857ffd0,0x00000000f8580000)
  from space 18432K, 0% used [0x00000000f9700000,0x00000000f9700000,0x00000000fa900000)
  to   space 17920K, 0% used [0x00000000f8580000,0x00000000f8580000,0x00000000f9700000)
 ParOldGen       total 349696K, used 349693K [0x00000000e0000000, 0x00000000f5580000, 0x00000000f5580000)
  object space 349696K, 99% used [0x00000000e0000000,0x00000000f557f650,0x00000000f5580000)
 Metaspace       used 59324K, committed 60224K, reserved 1105920K
  class space    used 5643K, committed 6080K, reserved 1048576K
}
Event: 677.964 GC heap after
{Heap after GC invocations=429 (full 300):
 PSYoungGen      total 67072K, used 49151K [0x00000000f5580000, 0x00000000fab80000, 0x0000000100000000)
  eden space 49152K, 99% used [0x00000000f5580000,0x00000000f857ff70,0x00000000f8580000)
  from space 17920K, 0% used [0x00000000f8580000,0x00000000f8580000,0x00000000f9700000)
  to   space 18432K, 0% used [0x00000000f9700000,0x00000000f9700000,0x00000000fa900000)
 ParOldGen       total 349696K, used 349693K [0x00000000e0000000, 0x00000000f5580000, 0x00000000f5580000)
  object space 349696K, 99% used [0x00000000e0000000,0x00000000f557f650,0x00000000f5580000)
 Metaspace       used 59324K, committed 60224K, reserved 1105920K
  class space    used 5643K, committed 6080K, reserved 1048576K
}
Event: 677.964 GC heap before
{Heap before GC invocations=430 (full 301):
 PSYoungGen      total 67072K, used 49151K [0x00000000f5580000, 0x00000000fab80000, 0x0000000100000000)
  eden space 49152K, 99% used [0x00000000f5580000,0x00000000f857ff70,0x00000000f8580000)
  from space 17920K, 0% used [0x00000000f8580000,0x00000000f8580000,0x00000000f9700000)
  to   space 18432K, 0% used [0x00000000f9700000,0x00000000f9700000,0x00000000fa900000)
 ParOldGen       total 349696K, used 349693K [0x00000000e0000000, 0x00000000f5580000, 0x00000000f5580000)
  object space 349696K, 99% used [0x00000000e0000000,0x00000000f557f650,0x00000000f5580000)
 Metaspace       used 59324K, committed 60224K, reserved 1105920K
  class space    used 5643K, committed 6080K, reserved 1048576K
}
Event: 679.528 GC heap after
{Heap after GC invocations=430 (full 301):
 PSYoungGen      total 67584K, used 49149K [0x00000000f5580000, 0x00000000fab80000, 0x0000000100000000)
  eden space 49152K, 99% used [0x00000000f5580000,0x00000000f857f718,0x00000000f8580000)
  from space 18432K, 0% used [0x00000000f9700000,0x00000000f9700000,0x00000000fa900000)
  to   space 17920K, 0% used [0x00000000f8580000,0x00000000f8580000,0x00000000f9700000)
 ParOldGen       total 349696K, used 349693K [0x00000000e0000000, 0x00000000f5580000, 0x00000000f5580000)
  object space 349696K, 99% used [0x00000000e0000000,0x00000000f557f650,0x00000000f5580000)
 Metaspace       used 59324K, committed 60224K, reserved 1105920K
  class space    used 5643K, committed 6080K, reserved 1048576K
}

